Add Component: Footprint Not Found B32921(13X4)
Add Component: Footprint Not Found B32921(13X4)
Add Component: Footprint Not Found B32921(13X4)
Add Component: Footprint Not Found B32921(13X4)
Add Component: Footprint Not Found 301.8-2
Add Component: Footprint Not Found го-1
Add Component: Footprint Not Found AL307
Add Component: Footprint Not Found C2-33H-0.25W
Add Component: Footprint Not Found C2-33H-0.25W
Add Component: Footprint Not Found B57861
Add Component: Footprint Not Found C2-33H-0.25W
Add Component: Footprint Not Found C2-33H-0.25W
Add Component: Footprint Not Found C2-33H-0.25W
Add Component: Footprint Not Found C2-33H-0.25W
Add Component: Footprint Not Found TO-92-1
Add Component: Footprint Not Found TO-92-1
Add Component: Footprint Not Found TO-92-1
Add Pin To Net: Unknown Pin: Pin C1-1
Add Pin To Net: Unknown Pin: Pin C1-2
Add Pin To Net: Unknown Pin: Pin C2-1
Add Pin To Net: Unknown Pin: Pin C2-2
Add Pin To Net: Unknown Pin: Pin C4-1
Add Pin To Net: Unknown Pin: Pin C4-2
Add Pin To Net: Unknown Pin: Pin C5-1
Add Pin To Net: Unknown Pin: Pin C5-2
Add Pin To Net: Unknown Pin: Pin DA1-1
Add Pin To Net: Unknown Pin: Pin DA1-2
Add Pin To Net: Unknown Pin: Pin DA1-3
Add Pin To Net: Unknown Pin: Pin DA1-4
Add Pin To Net: Unknown Pin: Pin DA1-5
Add Pin To Net: Unknown Pin: Pin DA1-6
Add Pin To Net: Unknown Pin: Pin DA1-7
Add Pin To Net: Unknown Pin: Pin DA1-8
Add Pin To Net: Unknown Pin: Pin HA1-1
Add Pin To Net: Unknown Pin: Pin HA1-2
Add Pin To Net: Unknown Pin: Pin HL1-1
Add Pin To Net: Unknown Pin: Pin HL1-2
Add Pin To Net: Unknown Pin: Pin R1-2
Add Pin To Net: Unknown Pin: Pin R2-1
Add Pin To Net: Unknown Pin: Pin R2-2
Add Pin To Net: Unknown Pin: Pin R3-1
Add Pin To Net: Unknown Pin: Pin R3-2
Add Pin To Net: Unknown Pin: Pin R6-1
Add Pin To Net: Unknown Pin: Pin R6-2
Add Pin To Net: Unknown Pin: Pin R7-1
Add Pin To Net: Unknown Pin: Pin R7-2
Add Pin To Net: Unknown Pin: Pin R8-1
Add Pin To Net: Unknown Pin: Pin R8-2
Add Pin To Net: Unknown Pin: Pin R9-1
Add Pin To Net: Unknown Pin: Pin R9-2
Add Pin To Net: Unknown Pin: Pin VT2-2
Add Pin To Net: Unknown Pin: Pin VT2-3
Add Pin To Net: Unknown Pin: Pin VT3-1
Add Pin To Net: Unknown Pin: Pin VT3-2
Add Pin To Net: Unknown Pin: Pin VT3-3
Add Pin To Net: Unknown Pin: Pin VT4-1
Add Pin To Net: Unknown Pin: Pin VT4-3
Add Class Member: Failed to add class member : Component C1 B32921-C3103-0,01UF
Add Class Member: Failed to add class member : Component C2 B32921-C3103-0,01UF
Add Class Member: Failed to add class member : Component C4 B32921-C3103-0,01UF
Add Class Member: Failed to add class member : Component C5 B32921-C3103-0,01UF
Add Class Member: Failed to add class member : Component DA1 й153сд1ю
Add Class Member: Failed to add class member : Component HA1 го-3
Add Class Member: Failed to add class member : Component HL1 AL307
Add Class Member: Failed to add class member : Component R1 C2-33H-0.25W_OLD_UGO
Add Class Member: Failed to add class member : Component R2 C2-33H-0.25W_OLD_UGO
Add Class Member: Failed to add class member : Component R3 B57861S0103F040
Add Class Member: Failed to add class member : Component R6 я2-33м-0,25 бр
Add Class Member: Failed to add class member : Component R7 я2-33м-0,25 бр
Add Class Member: Failed to add class member : Component R8 я2-33м-0,25 бр
Add Class Member: Failed to add class member : Component R9 я2-33м-0,25 бр
Add Class Member: Failed to add class member : Component VT2 2N4401
Add Class Member: Failed to add class member : Component VT3 2N4401
Add Class Member: Failed to add class member : Component VT4 2N4401
