Add Component: Footprint Not Found B32921(13X4)
Add Component: Footprint Not Found B32921(13X4)
Add Component: Footprint Not Found B32921(13X4)
Add Component: Footprint Not Found B32921(13X4)
Add Component: Footprint Not Found 301.8-2
Add Component: Footprint Not Found го-1
Add Component: Footprint Not Found AL307
Add Component: Footprint Not Found C2-33H-0.25W
Add Component: Footprint Not Found C2-33H-0.25W
Add Component: Footprint Not Found B57861
Add Component: Footprint Not Found C2-33H-0.25W
Add Component: Footprint Not Found C2-33H-0.25W
Add Component: Footprint Not Found C2-33H-0.25W
Add Component: Footprint Not Found C2-33H-0.25W
Add Component: Footprint Not Found TO-92-1
Add Component: Footprint Not Found TO-92-1
Add Component: Footprint Not Found TO-92-1
Added Net: Name=+24B
Added Net: Name=1
Added Net: Name=NetC1_1
Added Net: Name=NetC4_1
Added Net: Name=NetC4_2
Added Net: Name=NetDA1_3
Added Net: Name=NetDA1_4
Added Net: Name=NetDA1_5
Added Net: Name=NetHL1_1
Added Net: Name=NetR3_1
Added Net: Name=NetR7_2
Added Net: Name=NetVT3_2
Added Class: Name=Sheet1
