PCAD Importer Log
Project : Variant14.PrjPcb

Section : C:\Users\Blinu\Downloads\Variant14\Variant14.SCH
    Section : Parsing Messages
    EndSection

    Section : Generating SCH Library - Variant14.SchLib
        Warning : Component [B57861S0103F040] - removed empty display mode [DeMorgan] for part number [1]
    EndSection

    Section : Generating SCH Sheet - Sheet1.SCHDOC
        Warning : Add Power Object for Pin Name [1] at location [7640mil : 5730mil]
        Warning : Add Power Object for Pin Name [1] at location [9770mil : 2490mil]
        Warning : Add Power Object for Pin Name [1] at location [1640mil : 2740mil]
        Warning : Add Power Object for Pin Name [1] at location [360mil : 3190mil]
        Warning : Add Power Object for Pin Name [1] at location [5780mil : 2910mil]
        Warning : Add Power Object for Pin Name [1] at location [7770mil : 3030mil]
        Warning : Add Power Object for Pin Name [1] at location [10380mil : 5690mil]
        Warning : Add Power Object for Pin Name [+24B] at location [10551.575mil : 6220mil]
        Warning : Add Power Object for Pin Name [1] at location [2610mil : 3020mil]
    EndSection

    Section : Analyzing SCH Sheet - Sheet1.SCHDOC
    EndSection
EndSection
